Determining if the pthread_create exist failed with the following output:
Change Dir: /home/robotics/Documents/AStar/astar/build/CMakeFiles/CMakeTmp

Run Build Command:"/usr/bin/make" "cmTC_6988c/fast"
/usr/bin/make -f CMakeFiles/cmTC_6988c.dir/build.make CMakeFiles/cmTC_6988c.dir/build
make[1]: Entering directory '/home/robotics/Documents/AStar/astar/build/CMakeFiles/CMakeTmp'
Building C object CMakeFiles/cmTC_6988c.dir/CheckSymbolExists.c.o
/usr/bin/gcc    -o CMakeFiles/cmTC_6988c.dir/CheckSymbolExists.c.o   -c /home/robotics/Documents/AStar/astar/build/CMakeFiles/CMakeTmp/CheckSymbolExists.c
Linking C executable cmTC_6988c
/usr/bin/cmake -E cmake_link_script CMakeFiles/cmTC_6988c.dir/link.txt --verbose=1
/usr/bin/gcc      -rdynamic CMakeFiles/cmTC_6988c.dir/CheckSymbolExists.c.o  -o cmTC_6988c 
CMakeFiles/cmTC_6988c.dir/CheckSymbolExists.c.o: In function `main':
CheckSymbolExists.c:(.text+0x1b): undefined reference to `pthread_create'
collect2: error: ld returned 1 exit status
CMakeFiles/cmTC_6988c.dir/build.make:97: recipe for target 'cmTC_6988c' failed
make[1]: *** [cmTC_6988c] Error 1
make[1]: Leaving directory '/home/robotics/Documents/AStar/astar/build/CMakeFiles/CMakeTmp'
Makefile:126: recipe for target 'cmTC_6988c/fast' failed
make: *** [cmTC_6988c/fast] Error 2

File /home/robotics/Documents/AStar/astar/build/CMakeFiles/CMakeTmp/CheckSymbolExists.c:
/* */
#include <pthread.h>

int main(int argc, char** argv)
{
  (void)argv;
#ifndef pthread_create
  return ((int*)(&pthread_create))[argc];
#else
  (void)argc;
  return 0;
#endif
}

Determining if the function pthread_create exists in the pthreads failed with the following output:
Change Dir: /home/robotics/Documents/AStar/astar/build/CMakeFiles/CMakeTmp

Run Build Command:"/usr/bin/make" "cmTC_7c12a/fast"
/usr/bin/make -f CMakeFiles/cmTC_7c12a.dir/build.make CMakeFiles/cmTC_7c12a.dir/build
make[1]: Entering directory '/home/robotics/Documents/AStar/astar/build/CMakeFiles/CMakeTmp'
Building C object CMakeFiles/cmTC_7c12a.dir/CheckFunctionExists.c.o
/usr/bin/gcc   -DCHECK_FUNCTION_EXISTS=pthread_create   -o CMakeFiles/cmTC_7c12a.dir/CheckFunctionExists.c.o   -c /usr/share/cmake-3.10/Modules/CheckFunctionExists.c
Linking C executable cmTC_7c12a
/usr/bin/cmake -E cmake_link_script CMakeFiles/cmTC_7c12a.dir/link.txt --verbose=1
/usr/bin/gcc  -DCHECK_FUNCTION_EXISTS=pthread_create    -rdynamic CMakeFiles/cmTC_7c12a.dir/CheckFunctionExists.c.o  -o cmTC_7c12a -lpthreads 
/usr/bin/ld: cannot find -lpthreads
collect2: error: ld returned 1 exit status
CMakeFiles/cmTC_7c12a.dir/build.make:97: recipe for target 'cmTC_7c12a' failed
make[1]: *** [cmTC_7c12a] Error 1
make[1]: Leaving directory '/home/robotics/Documents/AStar/astar/build/CMakeFiles/CMakeTmp'
Makefile:126: recipe for target 'cmTC_7c12a/fast' failed
make: *** [cmTC_7c12a/fast] Error 2


